XrSamples/XrEyeTrackingSocialFB/Projects/Android/build/intermediates/manifest_merge_blame_file/debug/manifest-merger-blame-debug-report.txt
1<?xml version="1.0" encoding="utf-8"?>
2<manifest xmlns:android="http://schemas.android.com/apk/res/android"
3    package="com.oculus.sdk.xreyetrackingsocialfb"
4    android:installLocation="auto"
5    android:versionCode="1"
6    android:versionName="1.0" >
7
8    <uses-sdk
9        android:minSdkVersion="24"
9-->Projects/Android/AndroidManifest.xml
10        android:targetSdkVersion="25" />
10-->Projects/Android/AndroidManifest.xml
11
12    <!-- Tell the system this app requires OpenGL ES 3.1. -->
13    <uses-feature
13-->Projects/Android/AndroidManifest.xml:9:2-75
14        android:glEsVersion="0x00030001"
14-->Projects/Android/AndroidManifest.xml:9:16-48
15        android:required="true" />
15-->Projects/Android/AndroidManifest.xml:9:49-72
16
17    <!-- Tell the system this app can handle eye tracking -->
18    <uses-feature
18-->Projects/Android/AndroidManifest.xml:12:5-89
19        android:name="oculus.software.eye_tracking"
19-->Projects/Android/AndroidManifest.xml:12:19-62
20        android:required="true" />
20-->Projects/Android/AndroidManifest.xml:12:63-86
21
22    <uses-permission android:name="com.oculus.permission.EYE_TRACKING" />
22-->Projects/Android/AndroidManifest.xml:13:5-74
22-->Projects/Android/AndroidManifest.xml:13:22-71
23
24    <!-- Allows working of the app without controllers -->
25    <uses-feature
25-->Projects/Android/AndroidManifest.xml:16:2-87
26        android:name="oculus.software.handtracking"
26-->Projects/Android/AndroidManifest.xml:16:16-59
27        android:required="false" />
27-->Projects/Android/AndroidManifest.xml:16:60-84
28
29    <application
29-->Projects/Android/AndroidManifest.xml:18:2-43:16
30        android:allowBackup="false"
30-->Projects/Android/AndroidManifest.xml:19:4-31
31        android:debuggable="true"
32        android:extractNativeLibs="false"
33        android:label="@string/app_name"
33-->Projects/Android/AndroidManifest.xml:20:4-36
34        android:testOnly="true" >
35        <meta-data
35-->Projects/Android/AndroidManifest.xml:21:3-94
36            android:name="com.samsung.android.vr.application.mode"
36-->Projects/Android/AndroidManifest.xml:21:14-68
37            android:value="vr_only" />
37-->Projects/Android/AndroidManifest.xml:21:69-92
38        <meta-data
38-->Projects/Android/AndroidManifest.xml:22:6-82
39            android:name="com.oculus.supportedDevices"
39-->Projects/Android/AndroidManifest.xml:22:17-59
40            android:value="all" />
40-->Projects/Android/AndroidManifest.xml:22:60-79
41
42        <!-- launchMode is set to singleTask because there should never be multiple copies of the app running -->
43        <!-- Theme.Black.NoTitleBar.Fullscreen gives solid black instead of a (bad stereoscopic) gradient on app transition -->
44        <activity
44-->Projects/Android/AndroidManifest.xml:26:3-42:14
45            android:name="com.oculus.test.xreyetrackingsocialfb.MainActivity"
45-->Projects/Android/AndroidManifest.xml:27:5-70
46            android:configChanges="screenSize|screenLayout|orientation|keyboardHidden|keyboard|navigation|uiMode|density"
46-->Projects/Android/AndroidManifest.xml:33:5-114
47            android:label="@string/app_name"
47-->Projects/Android/AndroidManifest.xml:29:5-37
48            android:launchMode="singleTask"
48-->Projects/Android/AndroidManifest.xml:30:5-36
49            android:resizeableActivity="false"
49-->Projects/Android/AndroidManifest.xml:31:5-39
50            android:screenOrientation="landscape"
50-->Projects/Android/AndroidManifest.xml:32:5-42
51            android:theme="@android:style/Theme.Black.NoTitleBar.Fullscreen" >
51-->Projects/Android/AndroidManifest.xml:28:5-69
52
53            <!-- Tell NativeActivity the name of the .so -->
54            <!-- FIXUP: library name -->
55            <meta-data
55-->Projects/Android/AndroidManifest.xml:36:7-94
56                android:name="android.app.lib_name"
56-->Projects/Android/AndroidManifest.xml:36:18-53
57                android:value="xreyetrackingsocialfb" />
57-->Projects/Android/AndroidManifest.xml:36:54-91
58            <!-- This filter lets the apk show up as a launchable icon -->
59            <intent-filter>
59-->Projects/Android/AndroidManifest.xml:38:4-41:20
60                <action android:name="android.intent.action.MAIN" />
60-->Projects/Android/AndroidManifest.xml:39:5-57
60-->Projects/Android/AndroidManifest.xml:39:13-54
61
62                <category android:name="android.intent.category.LAUNCHER" />
62-->Projects/Android/AndroidManifest.xml:40:5-65
62-->Projects/Android/AndroidManifest.xml:40:15-62
63            </intent-filter>
64        </activity>
65    </application>
66
67</manifest>